
============================================================
LingoLens v0.9
Session Started : 2026-07-16 11:29:38
============================================================
2026-07-16 11:29:38 | INFO    | [APP] Application Started
2026-07-16 11:30:07 | INFO    | [LENS] Live Translation Enabled
2026-07-16 11:30:14 | INFO    | [LENS] Lens Settings selected
2026-07-16 11:30:18 | INFO    | [TOOLS] Settings selected
2026-07-16 11:30:30 | INFO    | [HELP] About selected
2026-07-16 11:30:39 | INFO    | [APP] Application Closed
============================================================
Session Ended   : 2026-07-16 11:30:39
Duration        : 0:01:00.597521
============================================================

============================================================
LingoLens v0.9
Session Started : 2026-07-16 11:47:03
============================================================
2026-07-16 11:47:03 | INFO    | [APP] Application Started
2026-07-16 11:47:09 | INFO    | [TOOLS] Settings selected
2026-07-16 11:47:19 | INFO    | [TOOLS] Settings selected
2026-07-16 11:47:23 | INFO    | [HELP] About selected
2026-07-16 11:47:32 | INFO    | [TOOLS] Settings selected
2026-07-16 12:02:37 | INFO    | [APP] Application Closed
============================================================
Session Ended   : 2026-07-16 12:02:37
Duration        : 0:15:33.919219
============================================================

============================================================
LingoLens v0.9
Session Started : 2026-07-16 12:02:41
============================================================
2026-07-16 12:02:41 | INFO    | [APP] Application Started
2026-07-16 12:02:47 | INFO    | [HELP] About selected
2026-07-16 12:02:57 | INFO    | [TOOLS] Settings selected
2026-07-16 12:03:06 | INFO    | [HELP] About selected
2026-07-16 12:09:48 | INFO    | [HELP] About selected
2026-07-16 12:09:51 | INFO    | [APP] Application Closed
============================================================
Session Ended   : 2026-07-16 12:09:51
Duration        : 0:07:10.594825
============================================================
