
============================================================
LingoLens v0.9
Session Started : 2026-07-23 12:10:35
============================================================
2026-07-23 12:10:35 | INFO    | [APP] Application Started
2026-07-23 12:10:43 | INFO    | [TOOLS] OCR Languages selected
2026-07-23 12:10:47 | INFO    | [TOOLS] Settings selected
2026-07-23 12:10:51 | INFO    | [APP] Application Closed
============================================================
Session Ended   : 2026-07-23 12:10:51
Duration        : 0:00:15.757788
============================================================

============================================================
LingoLens v0.9
Session Started : 2026-07-23 12:41:31
============================================================
2026-07-23 12:41:31 | INFO    | [APP] Application Started
2026-07-23 12:41:47 | INFO    | [TOOLS] Settings selected
2026-07-23 12:41:54 | INFO    | [TOOLS] Settings selected
2026-07-23 12:41:56 | INFO    | [TOOLS] OCR Languages selected
2026-07-23 12:41:58 | INFO    | [APP] Application Closed
============================================================
Session Ended   : 2026-07-23 12:41:58
Duration        : 0:00:27.185959
============================================================

============================================================
LingoLens v0.9
Session Started : 2026-07-23 12:43:06
============================================================
2026-07-23 12:43:06 | INFO    | [APP] Application Started
2026-07-23 12:43:14 | INFO    | [TOOLS] Settings selected
2026-07-23 12:43:19 | INFO    | [TOOLS] OCR Languages selected
2026-07-23 12:43:33 | INFO    | [LENS] Lens Settings selected
2026-07-23 12:43:41 | INFO    | [APP] Application Closed
============================================================
Session Ended   : 2026-07-23 12:43:41
Duration        : 0:00:34.411095
============================================================

============================================================
LingoLens v0.9
Session Started : 2026-07-23 12:46:46
============================================================
2026-07-23 12:46:46 | INFO    | [APP] Application Started
2026-07-23 12:46:51 | INFO    | [TOOLS] OCR Languages selected
2026-07-23 12:47:11 | INFO    | [APP] Application Closed
============================================================
Session Ended   : 2026-07-23 12:47:11
Duration        : 0:00:24.509511
============================================================

============================================================
LingoLens v0.9
Session Started : 2026-07-23 12:48:04
============================================================
2026-07-23 12:48:04 | INFO    | [APP] Application Started
2026-07-23 12:48:09 | INFO    | [TOOLS] OCR Languages selected
2026-07-23 12:48:12 | INFO    | [TOOLS] Settings selected
2026-07-23 12:48:48 | INFO    | [APP] Application Closed
============================================================
Session Ended   : 2026-07-23 12:48:48
Duration        : 0:00:44.075991
============================================================

============================================================
LingoLens v0.9
Session Started : 2026-07-23 12:49:04
============================================================
2026-07-23 12:49:04 | INFO    | [APP] Application Started
============================================================
Session Ended   : 2026-07-23 12:49:04
Duration        : 0:00:00.332135
============================================================

============================================================
LingoLens v0.9
Session Started : 2026-07-23 12:50:00
============================================================
2026-07-23 12:50:00 | INFO    | [APP] Application Started
============================================================
Session Ended   : 2026-07-23 12:50:00
Duration        : 0:00:00.243638
============================================================

============================================================
LingoLens v0.9
Session Started : 2026-07-23 12:52:15
============================================================
2026-07-23 12:52:15 | INFO    | [APP] Application Started
2026-07-23 12:52:26 | INFO    | [TOOLS] OCR Languages selected
2026-07-23 12:52:30 | INFO    | [TOOLS] Settings selected
2026-07-23 12:52:37 | INFO    | [APP] Application Closed
============================================================
Session Ended   : 2026-07-23 12:52:37
Duration        : 0:00:21.832662
============================================================

============================================================
LingoLens v0.9
Session Started : 2026-07-23 13:09:26
============================================================
2026-07-23 13:09:26 | INFO    | [APP] Application Started
2026-07-23 13:09:33 | INFO    | [TOOLS] OCR Languages selected
2026-07-23 13:09:38 | INFO    | [TOOLS] OCR Languages selected
2026-07-23 13:09:40 | INFO    | [TOOLS] OCR Languages selected
2026-07-23 13:09:42 | INFO    | [TOOLS] Settings selected
2026-07-23 13:09:45 | INFO    | [TOOLS] Settings selected
2026-07-23 13:10:05 | INFO    | [APP] Application Closed
============================================================
Session Ended   : 2026-07-23 13:10:05
Duration        : 0:00:38.736923
============================================================

============================================================
LingoLens v0.9
Session Started : 2026-07-23 13:10:18
============================================================
2026-07-23 13:10:18 | INFO    | [APP] Application Started
2026-07-23 13:10:26 | INFO    | [TOOLS] OCR Languages selected
2026-07-23 13:10:33 | INFO    | [TOOLS] OCR Languages selected
2026-07-23 13:12:44 | INFO    | [TOOLS] OCR Languages selected
2026-07-23 13:25:51 | INFO    | [APP] Application Closed
============================================================
Session Ended   : 2026-07-23 13:25:51
Duration        : 0:15:32.746989
============================================================

============================================================
LingoLens v0.9
Session Started : 2026-07-23 14:54:47
============================================================
2026-07-23 14:54:47 | INFO    | [APP] Application Started
2026-07-23 14:54:52 | INFO    | [TOOLS] OCR Languages selected
2026-07-23 14:55:04 | INFO    | [TOOLS] Settings selected
2026-07-23 14:55:07 | INFO    | [TOOLS] OCR Languages selected
2026-07-23 15:13:48 | INFO    | [APP] Application Closed
============================================================
Session Ended   : 2026-07-23 15:13:48
Duration        : 0:19:00.955846
============================================================

============================================================
LingoLens v0.9
Session Started : 2026-07-23 15:15:12
============================================================
2026-07-23 15:15:12 | INFO    | [APP] Application Started
2026-07-23 15:15:19 | INFO    | [TOOLS] OCR Languages selected
2026-07-23 15:15:26 | INFO    | [TOOLS] OCR Languages selected
2026-07-23 15:15:28 | INFO    | [TOOLS] Settings selected
2026-07-23 15:15:31 | INFO    | [TOOLS] Settings selected
2026-07-23 15:15:35 | INFO    | [TOOLS] Settings selected
2026-07-23 15:16:24 | INFO    | [TOOLS] OCR Languages selected
2026-07-23 15:17:21 | INFO    | [APP] Application Closed
============================================================
Session Ended   : 2026-07-23 15:17:21
Duration        : 0:02:08.631781
============================================================

============================================================
LingoLens v0.9
Session Started : 2026-07-23 15:18:30
============================================================
2026-07-23 15:18:30 | INFO    | [APP] Application Started
2026-07-23 15:18:37 | INFO    | [TOOLS] OCR Languages selected
2026-07-23 15:18:46 | INFO    | [TOOLS] Settings selected
2026-07-23 15:19:10 | INFO    | [TOOLS] OCR Languages selected
2026-07-23 15:19:18 | INFO    | [TOOLS] Settings selected
2026-07-23 15:19:24 | INFO    | [TOOLS] OCR Languages selected
2026-07-23 15:23:34 | INFO    | [APP] Application Closed
============================================================
Session Ended   : 2026-07-23 15:23:34
Duration        : 0:05:03.231916
============================================================

============================================================
LingoLens v0.9
Session Started : 2026-07-23 16:07:21
============================================================
2026-07-23 16:07:21 | INFO    | [APP] Application Started
2026-07-23 16:07:27 | INFO    | [TOOLS] OCR Languages selected
2026-07-23 16:07:32 | INFO    | [TOOLS] OCR Languages selected
2026-07-23 16:07:34 | INFO    | [TOOLS] Settings selected
2026-07-23 16:07:41 | INFO    | [APP] Application Closed
============================================================
Session Ended   : 2026-07-23 16:07:41
Duration        : 0:00:20.149330
============================================================

============================================================
LingoLens v0.9
Session Started : 2026-07-23 16:09:56
============================================================
2026-07-23 16:09:56 | INFO    | [APP] Application Started
2026-07-23 16:10:05 | INFO    | [TOOLS] OCR Languages selected
2026-07-23 16:11:45 | INFO    | [TOOLS] Settings selected
2026-07-23 16:11:50 | INFO    | [TOOLS] Settings selected
2026-07-23 16:11:52 | INFO    | [TOOLS] OCR Languages selected
2026-07-23 16:11:54 | INFO    | [TOOLS] OCR Languages selected
2026-07-23 16:11:56 | INFO    | [TOOLS] Settings selected
2026-07-23 16:14:01 | INFO    | [APP] Application Closed
============================================================
Session Ended   : 2026-07-23 16:14:01
Duration        : 0:04:05.155125
============================================================

============================================================
LingoLens v0.9
Session Started : 2026-07-23 16:14:09
============================================================
2026-07-23 16:14:09 | INFO    | [APP] Application Started
2026-07-23 16:14:18 | INFO    | [TOOLS] OCR Languages selected
2026-07-23 16:14:25 | INFO    | [TOOLS] Settings selected
2026-07-23 16:14:27 | INFO    | [TOOLS] OCR Languages selected
2026-07-23 16:14:29 | INFO    | [TOOLS] OCR Languages selected
2026-07-23 16:14:30 | INFO    | [TOOLS] OCR Languages selected
2026-07-23 16:16:12 | INFO    | [APP] Application Closed
============================================================
Session Ended   : 2026-07-23 16:16:12
Duration        : 0:02:03.963603
============================================================

============================================================
LingoLens v0.9
Session Started : 2026-07-23 16:24:23
============================================================
2026-07-23 16:24:23 | INFO    | [APP] Application Started
2026-07-23 16:24:27 | INFO    | [TOOLS] OCR Languages selected
2026-07-23 17:24:56 | INFO    | [TOOLS] OCR Languages selected
2026-07-23 17:25:02 | INFO    | [TOOLS] Settings selected
2026-07-23 17:25:05 | INFO    | [APP] Application Closed
============================================================
Session Ended   : 2026-07-23 17:25:05
Duration        : 1:00:42.871444
============================================================
