
============================================================
LingoLens v0.9
Session Started : 2026-07-24 11:43:34
============================================================
2026-07-24 11:43:34 | INFO    | [APP] Application Started
2026-07-24 11:43:41 | INFO    | [TOOLS] OCR Languages selected
2026-07-24 11:43:49 | INFO    | [APP] Application Closed
============================================================
Session Ended   : 2026-07-24 11:43:49
Duration        : 0:00:14.995965
============================================================

============================================================
LingoLens v0.9
Session Started : 2026-07-24 12:01:10
============================================================
2026-07-24 12:01:10 | INFO    | [APP] Application Started
2026-07-24 12:01:16 | INFO    | [TOOLS] OCR Languages selected
2026-07-24 12:01:22 | INFO    | [TOOLS] Settings selected
2026-07-24 12:01:25 | INFO    | [TOOLS] History selected
2026-07-24 12:01:26 | INFO    | [TOOLS] OCR Languages selected
2026-07-24 12:01:27 | INFO    | [APP] Application Closed
============================================================
Session Ended   : 2026-07-24 12:01:27
Duration        : 0:00:16.943135
============================================================

============================================================
LingoLens v0.9
Session Started : 2026-07-24 12:15:55
============================================================
2026-07-24 12:15:55 | INFO    | [APP] Application Started
2026-07-24 12:15:59 | INFO    | [TOOLS] OCR Languages selected
2026-07-24 12:16:05 | INFO    | [TOOLS] Settings selected
2026-07-24 12:16:10 | INFO    | [APP] Application Closed
============================================================
Session Ended   : 2026-07-24 12:16:10
Duration        : 0:00:14.714824
============================================================

============================================================
LingoLens v0.9
Session Started : 2026-07-24 12:40:34
============================================================
2026-07-24 12:40:34 | INFO    | [APP] Application Started
2026-07-24 12:40:43 | INFO    | [TOOLS] OCR Languages selected
2026-07-24 12:40:46 | INFO    | [TOOLS] Settings selected
2026-07-24 12:40:47 | INFO    | [APP] Application Closed
============================================================
Session Ended   : 2026-07-24 12:40:47
Duration        : 0:00:13.540885
============================================================

============================================================
LingoLens v0.9
Session Started : 2026-07-24 12:44:37
============================================================
2026-07-24 12:44:37 | INFO    | [APP] Application Started
2026-07-24 12:44:41 | INFO    | [TOOLS] OCR Languages selected
2026-07-24 12:49:00 | INFO    | [TOOLS] OCR Languages selected
2026-07-24 12:55:38 | INFO    | [APP] Application Closed
============================================================
Session Ended   : 2026-07-24 12:55:38
Duration        : 0:11:01.003478
============================================================

============================================================
LingoLens v0.9
Session Started : 2026-07-24 12:57:08
============================================================
2026-07-24 12:57:08 | INFO    | [APP] Application Started
============================================================
Session Ended   : 2026-07-24 12:57:11
Duration        : 0:00:02.199654
============================================================

============================================================
LingoLens v0.9
Session Started : 2026-07-24 13:03:18
============================================================
2026-07-24 13:03:18 | INFO    | [APP] Application Started
============================================================
Session Ended   : 2026-07-24 13:03:18
Duration        : 0:00:00.196658
============================================================

============================================================
LingoLens v0.9
Session Started : 2026-07-24 13:04:34
============================================================
2026-07-24 13:04:34 | INFO    | [APP] Application Started
============================================================
Session Ended   : 2026-07-24 13:04:34
Duration        : 0:00:00.206613
============================================================

============================================================
LingoLens v0.9
Session Started : 2026-07-24 13:06:34
============================================================
2026-07-24 13:06:34 | INFO    | [APP] Application Started
2026-07-24 13:06:39 | INFO    | [TOOLS] OCR Languages selected
2026-07-24 13:06:46 | INFO    | [TOOLS] OCR Languages selected
2026-07-24 13:06:47 | INFO    | [TOOLS] Settings selected
2026-07-24 13:06:50 | INFO    | [TOOLS] OCR Languages selected
2026-07-24 13:06:52 | INFO    | [TOOLS] Settings selected
2026-07-24 13:07:00 | INFO    | [TOOLS] OCR Languages selected
2026-07-24 13:07:04 | INFO    | [TOOLS] Settings selected
2026-07-24 13:07:09 | INFO    | [APP] Application Closed
============================================================
Session Ended   : 2026-07-24 13:07:09
Duration        : 0:00:34.915481
============================================================

============================================================
LingoLens v0.9
Session Started : 2026-07-24 13:07:25
============================================================
2026-07-24 13:07:25 | INFO    | [APP] Application Started
2026-07-24 13:07:40 | INFO    | [TOOLS] OCR Languages selected
2026-07-24 13:07:56 | INFO    | [TOOLS] Settings selected
2026-07-24 13:09:25 | INFO    | [TOOLS] OCR Languages selected
2026-07-24 13:09:29 | INFO    | [TOOLS] OCR Languages selected
2026-07-24 13:09:32 | INFO    | [TOOLS] Settings selected
2026-07-24 13:17:55 | INFO    | [APP] Application Closed
============================================================
Session Ended   : 2026-07-24 13:17:55
Duration        : 0:10:30.031839
============================================================

============================================================
LingoLens v0.9
Session Started : 2026-07-24 13:20:00
============================================================
2026-07-24 13:20:00 | INFO    | [APP] Application Started
2026-07-24 13:20:10 | INFO    | [TOOLS] Settings selected
2026-07-24 13:24:13 | INFO    | [TOOLS] Settings selected
2026-07-24 13:24:15 | INFO    | [TOOLS] Settings selected
2026-07-24 13:24:30 | INFO    | [TOOLS] OCR Languages selected
2026-07-24 13:25:07 | INFO    | [TOOLS] Settings selected
2026-07-24 13:30:54 | INFO    | [APP] Application Closed
============================================================
Session Ended   : 2026-07-24 13:30:54
Duration        : 0:10:53.991847
============================================================

============================================================
LingoLens v0.9
Session Started : 2026-07-24 16:32:51
============================================================
2026-07-24 16:32:51 | INFO    | [APP] Application Started
============================================================
Session Ended   : 2026-07-24 16:32:53
Duration        : 0:00:02.103131
============================================================

============================================================
LingoLens v0.9
Session Started : 2026-07-24 16:34:51
============================================================
2026-07-24 16:34:51 | INFO    | [APP] Application Started
============================================================
Session Ended   : 2026-07-24 16:34:52
Duration        : 0:00:00.229177
============================================================

============================================================
LingoLens v0.9
Session Started : 2026-07-24 16:36:21
============================================================
2026-07-24 16:36:21 | INFO    | [APP] Application Started
============================================================
Session Ended   : 2026-07-24 16:36:22
Duration        : 0:00:00.247910
============================================================

============================================================
LingoLens v0.9
Session Started : 2026-07-24 16:38:13
============================================================
2026-07-24 16:38:13 | INFO    | [APP] Application Started
2026-07-24 16:38:22 | INFO    | [TOOLS] OCR Languages updated: English, Japanese, Chinese
2026-07-24 16:38:52 | INFO    | [TOOLS] OCR Languages updated: English, Hindi, Japanese, Chinese
2026-07-24 16:40:34 | INFO    | [APP] Application Closed
============================================================
Session Ended   : 2026-07-24 16:40:34
Duration        : 0:02:20.659376
============================================================

============================================================
LingoLens v0.9
Session Started : 2026-07-24 16:43:01
============================================================
2026-07-24 16:43:01 | INFO    | [APP] Application Started
2026-07-24 16:45:03 | INFO    | [APP] Application Closed
============================================================
Session Ended   : 2026-07-24 16:45:03
Duration        : 0:02:01.716887
============================================================

============================================================
LingoLens v0.9
Session Started : 2026-07-24 16:52:03
============================================================
2026-07-24 16:52:03 | INFO    | [APP] Application Started
2026-07-24 17:03:22 | INFO    | [APP] Application Closed
============================================================
Session Ended   : 2026-07-24 17:03:22
Duration        : 0:11:18.714670
============================================================

============================================================
LingoLens v0.9
Session Started : 2026-07-24 17:06:39
============================================================
2026-07-24 17:06:39 | INFO    | [APP] Application Started
2026-07-24 17:07:35 | INFO    | [TOOLS] Target Language: Hindi
2026-07-24 17:08:38 | INFO    | [TOOLS] Target Language: English
2026-07-24 17:09:21 | INFO    | [TOOLS] Target Language: Hindi
2026-07-24 17:11:39 | INFO    | [TOOLS] Target Language: English
2026-07-24 17:12:43 | INFO    | [TOOLS] Target Language: Hindi
2026-07-24 17:18:37 | INFO    | [APP] Application Closed
============================================================
Session Ended   : 2026-07-24 17:18:37
Duration        : 0:11:58.247881
============================================================

============================================================
LingoLens v0.9
Session Started : 2026-07-24 17:18:44
============================================================
2026-07-24 17:18:44 | INFO    | [APP] Application Started
2026-07-24 17:19:49 | INFO    | [TOOLS] Target Language: Hindi
2026-07-24 17:20:48 | INFO    | [APP] Application Closed
============================================================
Session Ended   : 2026-07-24 17:20:48
Duration        : 0:02:04.482395
============================================================

============================================================
LingoLens v0.9
Session Started : 2026-07-24 17:21:16
============================================================
2026-07-24 17:21:16 | INFO    | [APP] Application Started
2026-07-24 17:21:25 | INFO    | [TOOLS] History selected
2026-07-24 17:21:27 | INFO    | [TOOLS] Log Viewer selected
2026-07-24 19:02:56 | INFO    | [APP] Application Closed
============================================================
Session Ended   : 2026-07-24 19:02:56
Duration        : 1:41:40.210402
============================================================

============================================================
LingoLens v0.9
Session Started : 2026-07-24 19:03:02
============================================================
2026-07-24 19:03:02 | INFO    | [APP] Application Started
2026-07-24 19:03:15 | INFO    | [VIEW] Dark Theme selected
2026-07-24 19:03:19 | INFO    | [VIEW] Light Theme selected
2026-07-24 19:03:22 | INFO    | [VIEW] System Theme selected
2026-07-24 19:03:24 | INFO    | [APP] Application Closed
============================================================
Session Ended   : 2026-07-24 19:03:24
Duration        : 0:00:21.919668
============================================================

============================================================
LingoLens v0.9
Session Started : 2026-07-24 19:04:24
============================================================
2026-07-24 19:04:24 | INFO    | [APP] Application Started
2026-07-24 19:04:28 | INFO    | [VIEW] Light Theme selected
2026-07-24 19:04:31 | INFO    | [VIEW] Dark Theme selected
2026-07-24 19:04:34 | INFO    | [VIEW] System Theme selected
2026-07-24 19:04:36 | INFO    | [APP] Application Closed
============================================================
Session Ended   : 2026-07-24 19:04:36
Duration        : 0:00:12.058832
============================================================

============================================================
LingoLens v0.9
Session Started : 2026-07-24 19:05:46
============================================================
2026-07-24 19:05:46 | INFO    | [APP] Application Started
2026-07-24 19:05:50 | INFO    | [VIEW] Dark Theme selected
2026-07-24 19:05:53 | INFO    | [VIEW] System Theme selected
2026-07-24 19:05:55 | INFO    | [VIEW] Light Theme selected
2026-07-24 19:05:57 | INFO    | [APP] Application Closed
============================================================
Session Ended   : 2026-07-24 19:05:57
Duration        : 0:00:11.423491
============================================================

============================================================
LingoLens v0.9
Session Started : 2026-07-24 19:06:54
============================================================
2026-07-24 19:06:54 | INFO    | [APP] Application Started
2026-07-24 19:06:57 | INFO    | [VIEW] Light Theme selected
2026-07-24 19:07:00 | INFO    | [VIEW] Dark Theme selected
2026-07-24 19:07:02 | INFO    | [APP] Application Closed
============================================================
Session Ended   : 2026-07-24 19:07:02
Duration        : 0:00:08.860286
============================================================

============================================================
LingoLens v0.9
Session Started : 2026-07-24 19:18:48
============================================================
2026-07-24 19:18:48 | INFO    | [APP] Application Started
2026-07-24 19:18:54 | INFO    | [VIEW] Dark Theme selected
2026-07-24 19:19:01 | INFO    | [VIEW] Light Theme selected
2026-07-24 19:19:05 | INFO    | [VIEW] System Theme selected
2026-07-24 19:19:11 | INFO    | [VIEW] Dark Theme selected
2026-07-24 19:19:29 | INFO    | [APP] Application Closed
============================================================
Session Ended   : 2026-07-24 19:19:29
Duration        : 0:00:41.592741
============================================================
