
============================================================
LingoLens v0.9
Session Started : 2026-07-15 12:07:49
============================================================
2026-07-15 12:07:49 | INFO    | [APP] Application Started
2026-07-15 12:09:39 | INFO    | [HELP] About selected
2026-07-15 12:09:43 | INFO    | [HELP] Documentation selected
2026-07-15 12:24:50 | INFO    | [APP] Application Closed
============================================================
Session Ended   : 2026-07-15 12:24:50
Duration        : 0:17:01.825850
============================================================

============================================================
LingoLens v0.9
Session Started : 2026-07-15 12:25:00
============================================================
2026-07-15 12:25:00 | INFO    | [APP] Application Started
2026-07-15 12:25:05 | INFO    | [HELP] About selected
2026-07-15 12:25:14 | INFO    | [HELP] About selected
2026-07-15 12:25:17 | INFO    | [HELP] About selected
2026-07-15 12:25:20 | INFO    | [APP] Application Closed
============================================================
Session Ended   : 2026-07-15 12:25:20
Duration        : 0:00:19.311401
============================================================

============================================================
LingoLens v0.9
Session Started : 2026-07-15 13:16:20
============================================================
2026-07-15 13:16:20 | INFO    | [APP] Application Started
2026-07-15 13:16:33 | INFO    | [HELP] About selected
2026-07-15 13:23:18 | INFO    | [HELP] About selected
2026-07-15 13:23:24 | INFO    | [HELP] Check for Updates selected
2026-07-15 13:23:27 | INFO    | [HELP] Keyboard Shortcuts selected
2026-07-15 13:23:43 | INFO    | [TRANSLATE] Circle selected
2026-07-15 15:33:53 | INFO    | [TOOLS] Settings selected
2026-07-15 15:33:57 | INFO    | [TOOLS] Log Viewer selected
2026-07-15 15:33:59 | INFO    | [TOOLS] History selected
2026-07-15 15:34:00 | INFO    | [TOOLS] OCR Languages selected
2026-07-15 15:34:04 | INFO    | [APP] Application Closed
============================================================
Session Ended   : 2026-07-15 15:34:04
Duration        : 2:17:43.976652
============================================================

============================================================
LingoLens v0.9
Session Started : 2026-07-15 15:34:35
============================================================
2026-07-15 15:34:35 | INFO    | [APP] Application Started
2026-07-15 15:34:42 | INFO    | [TOOLS] Settings selected
2026-07-15 15:35:35 | INFO    | [TRANSLATE] Rectangle selected
2026-07-15 15:35:38 | INFO    | [TRANSLATE] Circle selected
2026-07-15 15:35:41 | INFO    | [VIEW] Light Theme selected
2026-07-15 15:35:44 | INFO    | [VIEW] System Theme selected
2026-07-15 15:35:46 | INFO    | [HELP] About selected
2026-07-15 15:35:51 | INFO    | [FILE] Save Translation selected
2026-07-15 15:35:53 | INFO    | [FILE] Export History selected
2026-07-15 15:35:55 | INFO    | [LENS] Lens Settings selected
2026-07-15 15:35:57 | INFO    | [TRANSLATE] Clipboard selected
2026-07-15 15:35:59 | INFO    | [TRANSLATE] Recent Images selected
2026-07-15 15:36:01 | INFO    | [APP] Application Closed
============================================================
Session Ended   : 2026-07-15 15:36:01
Duration        : 0:01:26.549478
============================================================

============================================================
LingoLens v0.9
Session Started : 2026-07-15 17:48:01
============================================================
2026-07-15 17:48:01 | INFO    | [APP] Application Started

============================================================
LingoLens v0.9
Session Started : 2026-07-15 17:49:45
============================================================
2026-07-15 17:49:45 | INFO    | [APP] Application Started

============================================================
LingoLens v0.9
Session Started : 2026-07-15 17:54:08
============================================================
2026-07-15 17:54:08 | INFO    | [APP] Application Started

============================================================
LingoLens v0.9
Session Started : 2026-07-15 17:58:24
============================================================
2026-07-15 17:58:24 | INFO    | [APP] Application Started
2026-07-15 17:58:30 | INFO    | [HELP] About selected
2026-07-15 17:58:41 | INFO    | [TOOLS] Settings selected
2026-07-15 18:00:42 | INFO    | [HELP] About selected
2026-07-15 18:18:23 | INFO    | [APP] Application Closed
============================================================
Session Ended   : 2026-07-15 18:18:23
Duration        : 0:19:59.188403
============================================================
