
============================================================
LingoLens v0.9
Session Started : 2026-07-14 12:10:41
============================================================
2026-07-14 12:10:41 | INFO    | [APP] Application Started
2026-07-14 12:10:52 | INFO    | [APP] Application Closed
============================================================
Session Ended   : 2026-07-14 12:10:52
Duration        : 0:00:11.210728
============================================================

============================================================
LingoLens v0.9
Session Started : 2026-07-14 12:11:11
============================================================
2026-07-14 12:11:11 | INFO    | [APP] Application Started
2026-07-14 12:11:18 | INFO    | [APP] Application Closed
============================================================
Session Ended   : 2026-07-14 12:11:18
Duration        : 0:00:06.198807
============================================================

============================================================
LingoLens v0.9
Session Started : 2026-07-14 12:54:40
============================================================
2026-07-14 12:54:40 | INFO    | [APP] Application Started
2026-07-14 12:57:38 | INFO    | [APP] Application Closed
============================================================
Session Ended   : 2026-07-14 12:57:38
Duration        : 0:02:57.832418
============================================================

============================================================
LingoLens v0.9
Session Started : 2026-07-14 13:01:02
============================================================
2026-07-14 13:01:02 | INFO    | [APP] Application Started
2026-07-14 13:01:08 | INFO    | [FILE] New Session selected
2026-07-14 13:11:48 | INFO    | [APP] Application Closed
============================================================
Session Ended   : 2026-07-14 13:11:48
Duration        : 0:10:46.256781
============================================================
