
============================================================
LingoLens v0.9
Session Started : 2026-07-21 08:00:59
============================================================
2026-07-21 08:00:59 | INFO    | [APP] Application Started
2026-07-21 08:14:33 | INFO    | [APP] Application Closed
============================================================
Session Ended   : 2026-07-21 08:14:33
Duration        : 0:13:34.512391
============================================================

============================================================
LingoLens v0.9
Session Started : 2026-07-21 08:14:39
============================================================
2026-07-21 08:14:39 | INFO    | [APP] Application Started
2026-07-21 08:15:25 | INFO    | [TRANSLATE] Circle selected
2026-07-21 08:18:16 | INFO    | [APP] Application Closed
============================================================
Session Ended   : 2026-07-21 08:18:16
Duration        : 0:03:36.406841
============================================================

============================================================
LingoLens v0.9
Session Started : 2026-07-21 08:33:46
============================================================
2026-07-21 08:33:46 | INFO    | [APP] Application Started
2026-07-21 08:35:19 | INFO    | [APP] Application Closed
============================================================
Session Ended   : 2026-07-21 08:35:19
Duration        : 0:01:32.761593
============================================================

============================================================
LingoLens v0.9
Session Started : 2026-07-21 08:41:10
============================================================
2026-07-21 08:41:10 | INFO    | [APP] Application Started
2026-07-21 09:03:03 | INFO    | [APP] Application Closed
============================================================
Session Ended   : 2026-07-21 09:03:03
Duration        : 0:21:53.096264
============================================================

============================================================
LingoLens v0.9
Session Started : 2026-07-21 09:03:47
============================================================
2026-07-21 09:03:47 | INFO    | [APP] Application Started
2026-07-21 09:04:04 | INFO    | [APP] Application Closed
============================================================
Session Ended   : 2026-07-21 09:04:04
Duration        : 0:00:17.599955
============================================================

============================================================
LingoLens v0.9
Session Started : 2026-07-21 09:07:07
============================================================
2026-07-21 09:07:07 | INFO    | [APP] Application Started
2026-07-21 09:07:31 | INFO    | [APP] Application Closed
============================================================
Session Ended   : 2026-07-21 09:07:31
Duration        : 0:00:24.544030
============================================================

============================================================
LingoLens v0.9
Session Started : 2026-07-21 09:12:46
============================================================
2026-07-21 09:12:46 | INFO    | [APP] Application Started
2026-07-21 09:15:00 | INFO    | [APP] Application Closed
============================================================
Session Ended   : 2026-07-21 09:15:00
Duration        : 0:02:13.598423
============================================================

============================================================
LingoLens v0.9
Session Started : 2026-07-21 09:15:09
============================================================
2026-07-21 09:15:09 | INFO    | [APP] Application Started
2026-07-21 09:15:37 | INFO    | [APP] Application Closed
============================================================
Session Ended   : 2026-07-21 09:15:37
Duration        : 0:00:27.911098
============================================================

============================================================
LingoLens v0.9
Session Started : 2026-07-21 10:00:28
============================================================
2026-07-21 10:00:28 | INFO    | [APP] Application Started
2026-07-21 10:05:51 | INFO    | [TOOLS] OCR Languages selected
2026-07-21 10:05:53 | INFO    | [TOOLS] Settings selected
2026-07-21 10:06:00 | INFO    | [VIEW] Dark Theme selected
2026-07-21 10:09:54 | INFO    | [APP] Application Closed
============================================================
Session Ended   : 2026-07-21 10:09:54
Duration        : 0:09:26.542629
============================================================

============================================================
LingoLens v0.9
Session Started : 2026-07-21 10:20:26
============================================================
2026-07-21 10:20:26 | INFO    | [APP] Application Started
2026-07-21 10:20:46 | INFO    | [APP] Application Closed
============================================================
Session Ended   : 2026-07-21 10:20:46
Duration        : 0:00:19.625782
============================================================

============================================================
LingoLens v0.9
Session Started : 2026-07-21 10:41:23
============================================================
2026-07-21 10:41:23 | INFO    | [APP] Application Started
2026-07-21 10:41:50 | INFO    | [APP] Application Closed
============================================================
Session Ended   : 2026-07-21 10:41:50
Duration        : 0:00:27.508905
============================================================

============================================================
LingoLens v0.9
Session Started : 2026-07-21 10:52:13
============================================================
2026-07-21 10:52:13 | INFO    | [APP] Application Started
2026-07-21 10:53:15 | INFO    | [APP] Application Closed
============================================================
Session Ended   : 2026-07-21 10:53:15
Duration        : 0:01:01.987722
============================================================

============================================================
LingoLens v0.9
Session Started : 2026-07-21 11:07:54
============================================================
2026-07-21 11:07:54 | INFO    | [APP] Application Started
2026-07-21 11:10:38 | INFO    | [APP] Application Closed
============================================================
Session Ended   : 2026-07-21 11:10:38
Duration        : 0:02:44.894253
============================================================

============================================================
LingoLens v0.9
Session Started : 2026-07-21 11:17:16
============================================================
2026-07-21 11:17:16 | INFO    | [APP] Application Started
============================================================
Session Ended   : 2026-07-21 11:17:16
Duration        : 0:00:00.188009
============================================================

============================================================
LingoLens v0.9
Session Started : 2026-07-21 11:19:27
============================================================
2026-07-21 11:19:27 | INFO    | [APP] Application Started
2026-07-21 11:21:20 | INFO    | [APP] Application Closed
============================================================
Session Ended   : 2026-07-21 11:21:20
Duration        : 0:01:52.928667
============================================================

============================================================
LingoLens v0.9
Session Started : 2026-07-21 11:21:25
============================================================
2026-07-21 11:21:25 | INFO    | [APP] Application Started
2026-07-21 11:27:56 | INFO    | [APP] Application Closed
============================================================
Session Ended   : 2026-07-21 11:27:56
Duration        : 0:06:30.906334
============================================================

============================================================
LingoLens v0.9
Session Started : 2026-07-21 11:28:01
============================================================
2026-07-21 11:28:01 | INFO    | [APP] Application Started
2026-07-21 11:31:00 | INFO    | [APP] Application Closed
============================================================
Session Ended   : 2026-07-21 11:31:00
Duration        : 0:02:58.982060
============================================================

============================================================
LingoLens v0.9
Session Started : 2026-07-21 11:36:25
============================================================
2026-07-21 11:36:25 | INFO    | [APP] Application Started
2026-07-21 11:36:53 | INFO    | [APP] Application Closed
============================================================
Session Ended   : 2026-07-21 11:36:53
Duration        : 0:00:28.311527
============================================================

============================================================
LingoLens v0.9
Session Started : 2026-07-21 11:39:08
============================================================
2026-07-21 11:39:08 | INFO    | [APP] Application Started
2026-07-21 11:40:03 | INFO    | [APP] Application Closed
============================================================
Session Ended   : 2026-07-21 11:40:03
Duration        : 0:00:55.359597
============================================================

============================================================
LingoLens v0.9
Session Started : 2026-07-21 11:49:48
============================================================
2026-07-21 11:49:48 | INFO    | [APP] Application Started
2026-07-21 12:00:17 | INFO    | [APP] Application Closed
============================================================
Session Ended   : 2026-07-21 12:00:17
Duration        : 0:10:28.533157
============================================================

============================================================
LingoLens v0.9
Session Started : 2026-07-21 12:00:23
============================================================
2026-07-21 12:00:23 | INFO    | [APP] Application Started
2026-07-21 12:01:28 | INFO    | [APP] Application Closed
============================================================
Session Ended   : 2026-07-21 12:01:28
Duration        : 0:01:05.220100
============================================================

============================================================
LingoLens v0.9
Session Started : 2026-07-21 12:05:55
============================================================
2026-07-21 12:05:55 | INFO    | [APP] Application Started
2026-07-21 12:06:47 | INFO    | [APP] Application Closed
============================================================
Session Ended   : 2026-07-21 12:06:47
Duration        : 0:00:52.199326
============================================================

============================================================
LingoLens v0.9
Session Started : 2026-07-21 12:08:44
============================================================
2026-07-21 12:08:44 | INFO    | [APP] Application Started
2026-07-21 12:09:34 | INFO    | [APP] Application Closed
============================================================
Session Ended   : 2026-07-21 12:09:34
Duration        : 0:00:49.638832
============================================================

============================================================
LingoLens v0.9
Session Started : 2026-07-21 12:52:02
============================================================
2026-07-21 12:52:02 | INFO    | [APP] Application Started
2026-07-21 12:52:11 | INFO    | [TOOLS] Settings selected
2026-07-21 12:54:01 | INFO    | [APP] Application Closed
============================================================
Session Ended   : 2026-07-21 12:54:01
Duration        : 0:01:59.245762
============================================================

============================================================
LingoLens v0.9
Session Started : 2026-07-21 12:54:07
============================================================
2026-07-21 12:54:07 | INFO    | [APP] Application Started
2026-07-21 12:54:13 | INFO    | [APP] Application Closed
============================================================
Session Ended   : 2026-07-21 12:54:13
Duration        : 0:00:06.599039
============================================================

============================================================
LingoLens v0.9
Session Started : 2026-07-21 14:20:43
============================================================
2026-07-21 14:20:43 | INFO    | [APP] Application Started
2026-07-21 14:20:49 | INFO    | [TOOLS] Settings selected
2026-07-21 14:20:56 | INFO    | [TOOLS] Settings selected
2026-07-21 14:21:41 | INFO    | [APP] Application Closed
============================================================
Session Ended   : 2026-07-21 14:21:41
Duration        : 0:00:58.183140
============================================================

============================================================
LingoLens v0.9
Session Started : 2026-07-21 14:23:51
============================================================
2026-07-21 14:23:51 | INFO    | [APP] Application Started
2026-07-21 14:23:57 | INFO    | [TOOLS] Settings selected
2026-07-21 14:24:03 | INFO    | [APP] Application Closed
============================================================
Session Ended   : 2026-07-21 14:24:03
Duration        : 0:00:11.286283
============================================================
